<?xml version="1.0" encoding="UTF-8"?>
<!-- Generated by org.testng.reporters.JUnitReportReporter -->
<testsuite skipped="0" hostname="Rakeshs-MacBook-Pro.local" name="testcases.TestCase002" tests="1" failures="0" timestamp="07 Jul 2018 20:23:54 GMT" time="33.375" errors="0">
  <testcase name="search" time="33.375" classname="testcases.TestCase002"/>
</testsuite> <!-- testcases.TestCase002 -->
