<?xml version="1.0" encoding="UTF-8"?>
<!-- Generated by org.testng.reporters.JUnitReportReporter -->
<testsuite skipped="0" hostname="Rakeshs-MacBook-Pro.local" name="testcases.ConditionalTestCase" tests="1" failures="0" timestamp="07 Jul 2018 20:24:55 GMT" time="13.996" errors="0">
  <testcase name="testPageTitle" time="13.996" classname="testcases.ConditionalTestCase"/>
</testsuite> <!-- testcases.ConditionalTestCase -->
