<?xml version="1.0" encoding="UTF-8"?>
<!-- Generated by org.testng.reporters.JUnitReportReporter -->
<testsuite skipped="0" hostname="Rakeshs-MacBook-Pro.local" name="testcases.ConditionalTest" tests="1" failures="0" timestamp="07 Jul 2018 20:24:17 GMT" time="0.011" errors="0">
  <testcase name="test" time="0.011" classname="testcases.ConditionalTest"/>
</testsuite> <!-- testcases.ConditionalTest -->
