<?xml version="1.0" encoding="UTF-8"?>
<!-- Generated by org.testng.reporters.JUnitReportReporter -->
<testsuite skipped="0" hostname="Rakeshs-MacBook-Pro.local" name="testcases.NewTest" tests="1" failures="0" timestamp="07 Jul 2018 20:41:26 GMT" time="13.968" errors="0">
  <testcase name="testNestedIfExample" time="13.968" classname="testcases.NewTest"/>
</testsuite> <!-- testcases.NewTest -->
